[
  {
    "line": 2,
    "elements": [
      {
        "before": [
          {
            "result": {
              "duration": 4037430100,
              "status": "passed"
            },
            "match": {
              "location": "Hooks.setUp()"
            }
          }
        ],
        "line": 6,
        "name": "User I should navigate to all menu successfully",
        "description": "",
        "id": "computer-test;user-i-should-navigate-to-all-menu-successfully",
        "after": [
          {
            "result": {
              "duration": 712844400,
              "status": "passed"
            },
            "match": {
              "location": "Hooks.tearDown(Scenario)"
            }
          }
        ],
        "type": "scenario",
        "keyword": "Scenario",
        "steps": [
          {
            "result": {
              "duration": 97273900,
              "status": "passed"
            },
            "line": 7,
            "name": "I am on homepage",
            "match": {
              "location": "LoginSteps.iAmOnHomepage()"
            },
            "keyword": "Given "
          },
          {
            "result": {
              "duration": 20074032600,
              "status": "passed"
            },
            "line": 8,
            "name": "I click on every submenu tab",
            "match": {
              "location": "ComputerSteps.iClickOnEverySubmenuTab()"
            },
            "keyword": "When "
          },
          {
            "result": {
              "duration": 20050368600,
              "status": "passed"
            },
            "line": 9,
            "name": "I can see submenu on display list",
            "match": {
              "location": "ComputerSteps.iCanSeeSubmenuOnDisplayList()"
            },
            "keyword": "And "
          }
        ],
        "tags": [
          {
            "line": 5,
            "name": "@sanity"
          }
        ]
      }
    ],
    "name": "Computer Test",
    "description": "As user I want navigate to all menu nop commerce website",
    "id": "computer-test",
    "keyword": "Feature",
    "uri": "computer.feature",
    "tags": [
      {
        "line": 1,
        "name": "@Computer"
      },
      {
        "line": 1,
        "name": "@regression"
      }
    ]
  },
  {
    "line": 2,
    "elements": [
      {
        "before": [
          {
            "result": {
              "duration": 1826478200,
              "status": "passed"
            },
            "match": {
              "location": "Hooks.setUp()"
            }
          }
        ],
        "line": 6,
        "name": "User should navigate to login page successfully",
        "description": "",
        "id": "login-test;user-should-navigate-to-login-page-successfully",
        "after": [
          {
            "result": {
              "duration": 786552300,
              "status": "passed"
            },
            "match": {
              "location": "Hooks.tearDown(Scenario)"
            }
          }
        ],
        "type": "scenario",
        "keyword": "Scenario",
        "steps": [
          {
            "result": {
              "duration": 47200,
              "status": "passed"
            },
            "line": 7,
            "name": "I am on homepage",
            "match": {
              "location": "LoginSteps.iAmOnHomepage()"
            },
            "keyword": "Given "
          },
          {
            "result": {
              "duration": 810852400,
              "status": "passed"
            },
            "line": 8,
            "name": "I click on login link",
            "match": {
              "location": "LoginSteps.iClickOnLoginLink()"
            },
            "keyword": "When "
          },
          {
            "result": {
              "duration": 254600,
              "error_message": "cucumber.runtime.CucumberException: Arity mismatch: Step Definition \u0027com.nopcommerce.steps.LoginSteps.iShouldNavigateToLoginPageSuccessfully(String) in file:/C:/Users/44750/IdeaProjects/homework-week_16_cucumber_1_nop-commerce/target/test-classes/\u0027 with pattern [^I should navigate to login page successfully$] is declared with 1 parameters. However, the gherkin step has 0 arguments []. \nStep: Then I should navigate to login page successfully\r\n\tat cucumber.runtime.StepDefinitionMatch.arityMismatch(StepDefinitionMatch.java:102)\r\n\tat cucumber.runtime.StepDefinitionMatch.transformedArgs(StepDefinitionMatch.java:60)\r\n\tat cucumber.runtime.StepDefinitionMatch.runStep(StepDefinitionMatch.java:37)\r\n\tat cucumber.runtime.Runtime.runStep(Runtime.java:300)\r\n\tat cucumber.runtime.model.StepContainer.runStep(StepContainer.java:44)\r\n\tat cucumber.runtime.model.StepContainer.runSteps(StepContainer.java:39)\r\n\tat cucumber.runtime.model.CucumberScenario.run(CucumberScenario.java:44)\r\n\tat cucumber.runtime.junit.ExecutionUnitRunner.run(ExecutionUnitRunner.java:102)\r\n\tat cucumber.runtime.junit.FeatureRunner.runChild(FeatureRunner.java:63)\r\n\tat cucumber.runtime.junit.FeatureRunner.runChild(FeatureRunner.java:18)\r\n\tat org.junit.runners.ParentRunner$3.run(ParentRunner.java:238)\r\n\tat org.junit.runners.ParentRunner$1.schedule(ParentRunner.java:63)\r\n\tat org.junit.runners.ParentRunner.runChildren(ParentRunner.java:236)\r\n\tat org.junit.runners.ParentRunner.access$000(ParentRunner.java:53)\r\n\tat org.junit.runners.ParentRunner$2.evaluate(ParentRunner.java:229)\r\n\tat org.junit.runners.ParentRunner.run(ParentRunner.java:309)\r\n\tat cucumber.runtime.junit.FeatureRunner.run(FeatureRunner.java:70)\r\n\tat cucumber.api.junit.Cucumber.runChild(Cucumber.java:95)\r\n\tat cucumber.api.junit.Cucumber.runChild(Cucumber.java:38)\r\n\tat org.junit.runners.ParentRunner$3.run(ParentRunner.java:238)\r\n\tat org.junit.runners.ParentRunner$1.schedule(ParentRunner.java:63)\r\n\tat org.junit.runners.ParentRunner.runChildren(ParentRunner.java:236)\r\n\tat org.junit.runners.ParentRunner.access$000(ParentRunner.java:53)\r\n\tat org.junit.runners.ParentRunner$2.evaluate(ParentRunner.java:229)\r\n\tat org.junit.internal.runners.statements.RunAfters.evaluate(RunAfters.java:27)\r\n\tat org.junit.runners.ParentRunner.run(ParentRunner.java:309)\r\n\tat cucumber.api.junit.Cucumber.run(Cucumber.java:100)\r\n\tat org.junit.runner.JUnitCore.run(JUnitCore.java:160)\r\n\tat com.intellij.junit4.JUnit4IdeaTestRunner.startRunnerWithArgs(JUnit4IdeaTestRunner.java:69)\r\n\tat com.intellij.rt.junit.IdeaTestRunner$Repeater$1.execute(IdeaTestRunner.java:38)\r\n\tat com.intellij.rt.execution.junit.TestsRepeater.repeat(TestsRepeater.java:11)\r\n\tat com.intellij.rt.junit.IdeaTestRunner$Repeater.startRunnerWithArgs(IdeaTestRunner.java:35)\r\n\tat com.intellij.rt.junit.JUnitStarter.prepareStreamsAndStart(JUnitStarter.java:235)\r\n\tat com.intellij.rt.junit.JUnitStarter.main(JUnitStarter.java:54)\r\n",
              "status": "failed"
            },
            "line": 9,
            "name": "I should navigate to login page successfully",
            "match": {
              "location": "LoginSteps.iShouldNavigateToLoginPageSuccessfully(String)"
            },
            "keyword": "Then "
          }
        ],
        "tags": [
          {
            "line": 5,
            "name": "@smoke"
          }
        ]
      },
      {
        "before": [
          {
            "result": {
              "duration": 2163847100,
              "status": "passed"
            },
            "match": {
              "location": "Hooks.setUp()"
            }
          }
        ],
        "line": 21,
        "name": "Verify the error message with invalid credentials",
        "description": "",
        "id": "login-test;verify-the-error-message-with-invalid-credentials;;2",
        "after": [
          {
            "result": {
              "duration": 645430700,
              "status": "passed"
            },
            "match": {
              "location": "Hooks.tearDown(Scenario)"
            }
          }
        ],
        "type": "scenario",
        "keyword": "Scenario Outline",
        "steps": [
          {
            "result": {
              "duration": 74200,
              "status": "passed"
            },
            "line": 13,
            "name": "I am on homepage",
            "match": {
              "location": "LoginSteps.iAmOnHomepage()"
            },
            "keyword": "Given "
          },
          {
            "result": {
              "duration": 867126600,
              "status": "passed"
            },
            "line": 14,
            "name": "I click on login link",
            "match": {
              "location": "LoginSteps.iClickOnLoginLink()"
            },
            "keyword": "When "
          },
          {
            "result": {
              "duration": 86403300,
              "status": "passed"
            },
            "line": 15,
            "name": "I enter email \"abcd123@gmail.com\"",
            "match": {
              "arguments": [
                {
                  "val": "abcd123@gmail.com",
                  "offset": 15
                }
              ],
              "location": "LoginSteps.iEnterEmail(String)"
            },
            "matchedColumns": [
              0
            ],
            "keyword": "And "
          },
          {
            "result": {
              "duration": 286005700,
              "status": "passed"
            },
            "line": 16,
            "name": "I enter password \"xyz123\"",
            "match": {
              "arguments": [
                {
                  "val": "xyz123",
                  "offset": 18
                }
              ],
              "location": "LoginSteps.iEnterPassword(String)"
            },
            "matchedColumns": [
              1
            ],
            "keyword": "And "
          },
          {
            "result": {
              "duration": 26000,
              "status": "passed"
            },
            "line": 17,
            "name": "I click on login button",
            "match": {
              "location": "LoginSteps.iClickOnLoginButton()"
            },
            "keyword": "And "
          },
          {
            "result": {
              "duration": 31149500,
              "status": "passed"
            },
            "line": 18,
            "name": "I should see the error message \"Login was unsuccessful. Please correct the errors and try again.\nNo customer account found\"",
            "match": {
              "arguments": [
                {
                  "val": "Login was unsuccessful. Please correct the errors and try again.\nNo customer account found",
                  "offset": 32
                }
              ],
              "location": "LoginSteps.iShouldSeeTheErrorMessage(String)"
            },
            "matchedColumns": [
              2
            ],
            "keyword": "Then "
          }
        ],
        "tags": [
          {
            "line": 1,
            "name": "@Login"
          },
          {
            "line": 1,
            "name": "@regression"
          },
          {
            "line": 11,
            "name": "@sanity"
          }
        ]
      },
      {
        "before": [
          {
            "result": {
              "duration": 2561181800,
              "status": "passed"
            },
            "match": {
              "location": "Hooks.setUp()"
            }
          }
        ],
        "line": 22,
        "name": "Verify the error message with invalid credentials",
        "description": "",
        "id": "login-test;verify-the-error-message-with-invalid-credentials;;3",
        "after": [
          {
            "result": {
              "duration": 625465400,
              "status": "passed"
            },
            "match": {
              "location": "Hooks.tearDown(Scenario)"
            }
          }
        ],
        "type": "scenario",
        "keyword": "Scenario Outline",
        "steps": [
          {
            "result": {
              "duration": 55100,
              "status": "passed"
            },
            "line": 13,
            "name": "I am on homepage",
            "match": {
              "location": "LoginSteps.iAmOnHomepage()"
            },
            "keyword": "Given "
          },
          {
            "result": {
              "duration": 807635600,
              "status": "passed"
            },
            "line": 14,
            "name": "I click on login link",
            "match": {
              "location": "LoginSteps.iClickOnLoginLink()"
            },
            "keyword": "When "
          },
          {
            "result": {
              "duration": 73159400,
              "status": "passed"
            },
            "line": 15,
            "name": "I enter email \"xyz123@gmail.com\"",
            "match": {
              "arguments": [
                {
                  "val": "xyz123@gmail.com",
                  "offset": 15
                }
              ],
              "location": "LoginSteps.iEnterEmail(String)"
            },
            "matchedColumns": [
              0
            ],
            "keyword": "And "
          },
          {
            "result": {
              "duration": 277203800,
              "status": "passed"
            },
            "line": 16,
            "name": "I enter password \"abc123\"",
            "match": {
              "arguments": [
                {
                  "val": "abc123",
                  "offset": 18
                }
              ],
              "location": "LoginSteps.iEnterPassword(String)"
            },
            "matchedColumns": [
              1
            ],
            "keyword": "And "
          },
          {
            "result": {
              "duration": 19000,
              "status": "passed"
            },
            "line": 17,
            "name": "I click on login button",
            "match": {
              "location": "LoginSteps.iClickOnLoginButton()"
            },
            "keyword": "And "
          },
          {
            "result": {
              "duration": 32540400,
              "status": "passed"
            },
            "line": 18,
            "name": "I should see the error message \"Login was unsuccessful. Please correct the errors and try again.\nNo customer account found\"",
            "match": {
              "arguments": [
                {
                  "val": "Login was unsuccessful. Please correct the errors and try again.\nNo customer account found",
                  "offset": 32
                }
              ],
              "location": "LoginSteps.iShouldSeeTheErrorMessage(String)"
            },
            "matchedColumns": [
              2
            ],
            "keyword": "Then "
          }
        ],
        "tags": [
          {
            "line": 1,
            "name": "@Login"
          },
          {
            "line": 1,
            "name": "@regression"
          },
          {
            "line": 11,
            "name": "@sanity"
          }
        ]
      },
      {
        "before": [
          {
            "result": {
              "duration": 2236286000,
              "status": "passed"
            },
            "match": {
              "location": "Hooks.setUp()"
            }
          }
        ],
        "line": 23,
        "name": "Verify the error message with invalid credentials",
        "description": "",
        "id": "login-test;verify-the-error-message-with-invalid-credentials;;4",
        "after": [
          {
            "result": {
              "duration": 653158700,
              "status": "passed"
            },
            "match": {
              "location": "Hooks.tearDown(Scenario)"
            }
          }
        ],
        "type": "scenario",
        "keyword": "Scenario Outline",
        "steps": [
          {
            "result": {
              "duration": 42000,
              "status": "passed"
            },
            "line": 13,
            "name": "I am on homepage",
            "match": {
              "location": "LoginSteps.iAmOnHomepage()"
            },
            "keyword": "Given "
          },
          {
            "result": {
              "duration": 544464000,
              "status": "passed"
            },
            "line": 14,
            "name": "I click on login link",
            "match": {
              "location": "LoginSteps.iClickOnLoginLink()"
            },
            "keyword": "When "
          },
          {
            "result": {
              "duration": 86690200,
              "status": "passed"
            },
            "line": 15,
            "name": "I enter email \"adfafasd@gmail.com\"",
            "match": {
              "arguments": [
                {
                  "val": "adfafasd@gmail.com",
                  "offset": 15
                }
              ],
              "location": "LoginSteps.iEnterEmail(String)"
            },
            "matchedColumns": [
              0
            ],
            "keyword": "And "
          },
          {
            "result": {
              "duration": 293619900,
              "status": "passed"
            },
            "line": 16,
            "name": "I enter password \"xyz123\"",
            "match": {
              "arguments": [
                {
                  "val": "xyz123",
                  "offset": 18
                }
              ],
              "location": "LoginSteps.iEnterPassword(String)"
            },
            "matchedColumns": [
              1
            ],
            "keyword": "And "
          },
          {
            "result": {
              "duration": 14400,
              "status": "passed"
            },
            "line": 17,
            "name": "I click on login button",
            "match": {
              "location": "LoginSteps.iClickOnLoginButton()"
            },
            "keyword": "And "
          },
          {
            "result": {
              "duration": 33005400,
              "status": "passed"
            },
            "line": 18,
            "name": "I should see the error message \"Login was unsuccessful. Please correct the errors and try again.\nNo customer account found\"",
            "match": {
              "arguments": [
                {
                  "val": "Login was unsuccessful. Please correct the errors and try again.\nNo customer account found",
                  "offset": 32
                }
              ],
              "location": "LoginSteps.iShouldSeeTheErrorMessage(String)"
            },
            "matchedColumns": [
              2
            ],
            "keyword": "Then "
          }
        ],
        "tags": [
          {
            "line": 1,
            "name": "@Login"
          },
          {
            "line": 1,
            "name": "@regression"
          },
          {
            "line": 11,
            "name": "@sanity"
          }
        ]
      }
    ],
    "name": "Login Test",
    "description": "As user I want to login into nop commerce website",
    "id": "login-test",
    "keyword": "Feature",
    "uri": "login.feature",
    "tags": [
      {
        "line": 1,
        "name": "@Login"
      },
      {
        "line": 1,
        "name": "@regression"
      }
    ]
  },
  {
    "line": 2,
    "elements": [
      {
        "before": [
          {
            "result": {
              "duration": 1740087700,
              "status": "passed"
            },
            "match": {
              "location": "Hooks.setUp()"
            }
          }
        ],
        "line": 6,
        "name": "User should create account successfully",
        "description": "",
        "id": "register-test;user-should-create-account-successfully",
        "after": [
          {
            "result": {
              "duration": 1353806000,
              "status": "passed"
            },
            "match": {
              "location": "Hooks.tearDown(Scenario)"
            }
          }
        ],
        "type": "scenario",
        "keyword": "Scenario",
        "steps": [
          {
            "result": {
              "duration": 61400,
              "status": "passed"
            },
            "line": 7,
            "name": "I am on homepage",
            "match": {
              "location": "LoginSteps.iAmOnHomepage()"
            },
            "keyword": "Given "
          },
          {
            "result": {
              "duration": 418900,
              "status": "passed"
            },
            "line": 8,
            "name": "I click on register link",
            "match": {
              "location": "RegisterSteps.iClickOnRegisterLink()"
            },
            "keyword": "When "
          },
          {
            "result": {
              "duration": 1904700,
              "status": "passed"
            },
            "line": 9,
            "name": "I enters following users details",
            "match": {
              "location": "RegisterSteps.iEntersFollowingUsersDetails(DataTable)"
            },
            "rows": [
              {
                "cells": [
                  "Jack",
                  "Sparrow",
                  "jsparrow@gmail.com",
                  "test123",
                  "test123"
                ],
                "line": 10
              }
            ],
            "keyword": "And "
          },
          {
            "result": {
              "duration": 36900,
              "status": "passed"
            },
            "line": 11,
            "name": "I click on REGISTRATION link",
            "match": {
              "location": "RegisterSteps.iClickOnREGISTRATIONLink()"
            },
            "keyword": "And "
          },
          {
            "result": {
              "duration": 20070854800,
              "error_message": "org.openqa.selenium.NoSuchElementException: no such element: Unable to locate element: {\"method\":\"css selector\",\"selector\":\".result\"}\n  (Session info: chrome\u003d108.0.5359.125)\nFor documentation on this error, please visit: https://selenium.dev/exceptions/#no_such_element\nBuild info: version: \u00274.6.0\u0027, revision: \u002779f1c02ae20\u0027\nSystem info: os.name: \u0027Windows 10\u0027, os.arch: \u0027amd64\u0027, os.version: \u002710.0\u0027, java.version: \u00271.8.0_121\u0027\nDriver info: org.openqa.selenium.chrome.ChromeDriver\nCommand: [4f98fabc4f73a43815f76f4ddb83de1e, findElement {using\u003dcss selector, value\u003d.result}]\nCapabilities {acceptInsecureCerts: false, browserName: chrome, browserVersion: 108.0.5359.125, chrome: {chromedriverVersion: 108.0.5359.71 (1e0e3868ee06..., userDataDir: C:\\Users\\44750\\AppData\\Loca...}, goog:chromeOptions: {debuggerAddress: localhost:59078}, networkConnectionEnabled: false, pageLoadStrategy: normal, platformName: WINDOWS, proxy: Proxy(), se:cdp: ws://localhost:59078/devtoo..., se:cdpVersion: 108.0.5359.125, setWindowRect: true, strictFileInteractability: false, timeouts: {implicit: 0, pageLoad: 300000, script: 30000}, unhandledPromptBehavior: dismiss and notify, webauthn:extension:credBlob: true, webauthn:extension:largeBlob: true, webauthn:virtualAuthenticators: true}\nSession ID: 4f98fabc4f73a43815f76f4ddb83de1e\r\n\tat sun.reflect.NativeConstructorAccessorImpl.newInstance0(Native Method)\r\n\tat sun.reflect.NativeConstructorAccessorImpl.newInstance(NativeConstructorAccessorImpl.java:62)\r\n\tat sun.reflect.DelegatingConstructorAccessorImpl.newInstance(DelegatingConstructorAccessorImpl.java:45)\r\n\tat java.lang.reflect.Constructor.newInstance(Constructor.java:423)\r\n\tat org.openqa.selenium.remote.codec.w3c.W3CHttpResponseCodec.createException(W3CHttpResponseCodec.java:200)\r\n\tat org.openqa.selenium.remote.codec.w3c.W3CHttpResponseCodec.decode(W3CHttpResponseCodec.java:133)\r\n\tat org.openqa.selenium.remote.codec.w3c.W3CHttpResponseCodec.decode(W3CHttpResponseCodec.java:53)\r\n\tat org.openqa.selenium.remote.HttpCommandExecutor.execute(HttpCommandExecutor.java:184)\r\n\tat org.openqa.selenium.remote.service.DriverCommandExecutor.invokeExecute(DriverCommandExecutor.java:167)\r\n\tat org.openqa.selenium.remote.service.DriverCommandExecutor.execute(DriverCommandExecutor.java:142)\r\n\tat org.openqa.selenium.remote.RemoteWebDriver.execute(RemoteWebDriver.java:541)\r\n\tat org.openqa.selenium.remote.ElementLocation$ElementFinder$2.findElement(ElementLocation.java:162)\r\n\tat org.openqa.selenium.remote.ElementLocation.findElement(ElementLocation.java:60)\r\n\tat org.openqa.selenium.remote.RemoteWebDriver.findElement(RemoteWebDriver.java:365)\r\n\tat org.openqa.selenium.remote.RemoteWebDriver.findElement(RemoteWebDriver.java:357)\r\n\tat org.openqa.selenium.support.pagefactory.DefaultElementLocator.findElement(DefaultElementLocator.java:70)\r\n\tat org.openqa.selenium.support.pagefactory.internal.LocatingElementHandler.invoke(LocatingElementHandler.java:39)\r\n\tat com.sun.proxy.$Proxy23.getText(Unknown Source)\r\n\tat com.nopcommerce.utility.Utility.getTextFromElement(Utility.java:61)\r\n\tat com.nopcommerce.pages.RegisterPage.getYourRegCompletedText(RegisterPage.java:138)\r\n\tat com.nopcommerce.steps.RegisterSteps.iShouldSeeMessageMessage(RegisterSteps.java:32)\r\n\tat âœ½.And I should see message\"\u003cmessage\u003e(register.feature:12)\r\n",
              "status": "failed"
            },
            "line": 12,
            "name": "I should see message\"\u003cmessage\u003e",
            "match": {
              "location": "RegisterSteps.iShouldSeeMessageMessage()"
            },
            "keyword": "And "
          }
        ],
        "tags": [
          {
            "line": 5,
            "name": "@smoke"
          }
        ]
      }
    ],
    "name": "Register Test",
    "description": "As user I want to register on nop commerce website",
    "id": "register-test",
    "keyword": "Feature",
    "uri": "register.feature",
    "tags": [
      {
        "line": 1,
        "name": "@Register"
      },
      {
        "line": 1,
        "name": "@regression"
      }
    ]
  }
]